<?xml version="1.0" encoding="UTF-8"?>
<testng-results skipped="0" failed="0" total="1" passed="1">
  <reporter-output>
  </reporter-output>
  <suite name="Suite" duration-ms="30297" started-at="2021-01-31T14:57:56Z" finished-at="2021-01-31T14:58:27Z">
    <groups>
    </groups>
    <test name="Test" duration-ms="30297" started-at="2021-01-31T14:57:56Z" finished-at="2021-01-31T14:58:27Z">
      <class name="com.flipkart.testscript.regression.search.RegFlipkartSearchTest">
        <test-method status="PASS" signature="initialization(org.testng.ITestContext)[pri:0, instance:com.flipkart.testscript.regression.search.RegFlipkartSearchTest@5622fdf]" name="initialization" is-config="true" duration-ms="9490" started-at="2021-01-31T20:27:56Z" finished-at="2021-01-31T20:28:06Z">
          <params>
            <param index="0">
              <value>
                <![CDATA[org.testng.TestRunner@14d14731]]>
              </value>
            </param>
          </params>
          <reporter-output>
          </reporter-output>
        </test-method> <!-- initialization -->
        <test-method status="PASS" signature="setUp()[pri:0, instance:com.flipkart.testscript.regression.search.RegFlipkartSearchTest@5622fdf]" name="setUp" is-config="true" duration-ms="6879" started-at="2021-01-31T20:28:06Z" finished-at="2021-01-31T20:28:13Z">
          <reporter-output>
          </reporter-output>
        </test-method> <!-- setUp -->
        <test-method status="PASS" signature="searchItem()[pri:1, instance:com.flipkart.testscript.regression.search.RegFlipkartSearchTest@5622fdf]" name="searchItem" duration-ms="13036" started-at="2021-01-31T20:28:13Z" finished-at="2021-01-31T20:28:26Z">
          <reporter-output>
          </reporter-output>
        </test-method> <!-- searchItem -->
        <test-method status="PASS" signature="tearDown()[pri:0, instance:com.flipkart.testscript.regression.search.RegFlipkartSearchTest@5622fdf]" name="tearDown" is-config="true" duration-ms="854" started-at="2021-01-31T20:28:26Z" finished-at="2021-01-31T20:28:27Z">
          <reporter-output>
          </reporter-output>
        </test-method> <!-- tearDown -->
      </class> <!-- com.flipkart.testscript.regression.search.RegFlipkartSearchTest -->
    </test> <!-- Test -->
  </suite> <!-- Suite -->
</testng-results>
